#
# There is insufficient memory for the Java Runtime Environment to continue.
# Native memory allocation (mmap) failed to map 357564416 bytes for committing reserved memory.
# Possible reasons:
#   The system is out of physical RAM or swap space
#   In 32 bit mode, the process size limit was hit
# Possible solutions:
#   Reduce memory load on the system
#   Increase physical memory or swap space
#   Check if swap backing store is full
#   Use 64 bit Java on a 64 bit OS
#   Decrease Java heap size (-Xmx/-Xms)
#   Decrease number of Java threads
#   Decrease Java thread stack sizes (-Xss)
#   Set larger code cache with -XX:ReservedCodeCacheSize=
# This output file may be truncated or incomplete.
#
#  Out of Memory Error (os_linux.cpp:2627), pid=31549, tid=0x00007fcc63fcd700
#
# JRE version:  (8.0_121-b13) (build )
# Java VM: Java HotSpot(TM) 64-Bit Server VM (25.121-b13 mixed mode linux-amd64 compressed oops)
# Failed to write core dump. Core dumps have been disabled. To enable core dumping, try "ulimit -c unlimited" before starting Java again
#

---------------  T H R E A D  ---------------

Current thread (0x00007fcc5c009800):  JavaThread "Unknown thread" [_thread_in_vm, id=31550, stack(0x00007fcc63ecd000,0x00007fcc63fce000)]

Stack: [0x00007fcc63ecd000,0x00007fcc63fce000],  sp=0x00007fcc63fcc400,  free space=1021k
Native frames: (J=compiled Java code, j=interpreted, Vv=VM code, C=native code)
V  [libjvm.so+0xac703a]  VMError::report_and_die()+0x2ba
V  [libjvm.so+0x4fc7eb]  report_vm_out_of_memory(char const*, int, unsigned long, VMErrorType, char const*)+0x8b
V  [libjvm.so+0x923c43]  os::Linux::commit_memory_impl(char*, unsigned long, bool)+0x103
V  [libjvm.so+0x924199]  os::pd_commit_memory(char*, unsigned long, unsigned long, bool)+0x29
V  [libjvm.so+0x91e4aa]  os::commit_memory(char*, unsigned long, unsigned long, bool)+0x2a
V  [libjvm.so+0x992f03]  PSVirtualSpace::expand_by(unsigned long)+0x53
V  [libjvm.so+0x993ec5]  PSYoungGen::initialize_virtual_space(ReservedSpace, unsigned long)+0x75
V  [libjvm.so+0x99482e]  PSYoungGen::initialize(ReservedSpace, unsigned long)+0x3e
V  [libjvm.so+0x2d8955]  AdjoiningGenerations::AdjoiningGenerations(ReservedSpace, GenerationSizer*, unsigned long)+0x345
V  [libjvm.so+0x9472d6]  ParallelScavengeHeap::initialize()+0x1d6
V  [libjvm.so+0xa8eff3]  Universe::initialize_heap()+0xf3
V  [libjvm.so+0xa8f55e]  universe_init()+0x3e
V  [libjvm.so+0x63d4f5]  init_globals()+0x65
V  [libjvm.so+0xa72c4e]  Threads::create_vm(JavaVMInitArgs*, bool*)+0x23e
V  [libjvm.so+0x6d1d94]  JNI_CreateJavaVM+0x74
C  [libjli.so+0x745e]  JavaMain+0x9e
C  [libpthread.so.0+0x76ba]  start_thread+0xca


---------------  P R O C E S S  ---------------

Java Threads: ( => current thread )

Other Threads:

=>0x00007fcc5c009800 (exited) JavaThread "Unknown thread" [_thread_in_vm, id=31550, stack(0x00007fcc63ecd000,0x00007fcc63fce000)]

VM state:not at safepoint (not fully initialized)

VM Mutex/Monitor currently owned by a thread: None

GC Heap History (0 events):
No events

Deoptimization events (0 events):
No events

Internal exceptions (0 events):
No events

Events (0 events):
No events


Dynamic libraries:
00400000-00401000 r-xp 00000000 fc:01 2509549                            /usr/lib/jvm/java-8-oracle/jre/bin/java
00600000-00601000 rw-p 00000000 fc:01 2509549                            /usr/lib/jvm/java-8-oracle/jre/bin/java
0101f000-01040000 rw-p 00000000 00:00 0                                  [heap]
c0000000-eab00000 ---p 00000000 00:00 0 
7fcc54000000-7fcc54270000 rwxp 00000000 00:00 0 
7fcc54270000-7fcc5c000000 ---p 00000000 00:00 0 
7fcc5c000000-7fcc5c033000 rw-p 00000000 00:00 0 
7fcc5c033000-7fcc60000000 ---p 00000000 00:00 0 
7fcc609ae000-7fcc60c35000 rw-p 00000000 00:00 0 
7fcc60c35000-7fcc60e35000 ---p 00000000 00:00 0 
7fcc60e35000-7fcc60e40000 rw-p 00000000 00:00 0 
7fcc60e40000-7fcc61036000 ---p 00000000 00:00 0 
7fcc61036000-7fcc61050000 r-xp 00000000 fc:01 2509855                    /usr/lib/jvm/java-8-oracle/jre/lib/amd64/libzip.so
7fcc61050000-7fcc61250000 ---p 0001a000 fc:01 2509855                    /usr/lib/jvm/java-8-oracle/jre/lib/amd64/libzip.so
7fcc61250000-7fcc61251000 rw-p 0001a000 fc:01 2509855                    /usr/lib/jvm/java-8-oracle/jre/lib/amd64/libzip.so
7fcc61251000-7fcc6125c000 r-xp 00000000 fc:01 1310914                    /lib/x86_64-linux-gnu/libnss_files-2.23.so
7fcc6125c000-7fcc6145b000 ---p 0000b000 fc:01 1310914                    /lib/x86_64-linux-gnu/libnss_files-2.23.so
7fcc6145b000-7fcc6145c000 r--p 0000a000 fc:01 1310914                    /lib/x86_64-linux-gnu/libnss_files-2.23.so
7fcc6145c000-7fcc6145d000 rw-p 0000b000 fc:01 1310914                    /lib/x86_64-linux-gnu/libnss_files-2.23.so
7fcc6145d000-7fcc61463000 rw-p 00000000 00:00 0 
7fcc61463000-7fcc6146e000 r-xp 00000000 fc:01 1310899                    /lib/x86_64-linux-gnu/libnss_nis-2.23.so
7fcc6146e000-7fcc6166d000 ---p 0000b000 fc:01 1310899                    /lib/x86_64-linux-gnu/libnss_nis-2.23.so
7fcc6166d000-7fcc6166e000 r--p 0000a000 fc:01 1310899                    /lib/x86_64-linux-gnu/libnss_nis-2.23.so
7fcc6166e000-7fcc6166f000 rw-p 0000b000 fc:01 1310899                    /lib/x86_64-linux-gnu/libnss_nis-2.23.so
7fcc6166f000-7fcc61685000 r-xp 00000000 fc:01 1310910                    /lib/x86_64-linux-gnu/libnsl-2.23.so
7fcc61685000-7fcc61884000 ---p 00016000 fc:01 1310910                    /lib/x86_64-linux-gnu/libnsl-2.23.so
7fcc61884000-7fcc61885000 r--p 00015000 fc:01 1310910                    /lib/x86_64-linux-gnu/libnsl-2.23.so
7fcc61885000-7fcc61886000 rw-p 00016000 fc:01 1310910                    /lib/x86_64-linux-gnu/libnsl-2.23.so
7fcc61886000-7fcc61888000 rw-p 00000000 00:00 0 
7fcc61888000-7fcc61890000 r-xp 00000000 fc:01 1310911                    /lib/x86_64-linux-gnu/libnss_compat-2.23.so
7fcc61890000-7fcc61a8f000 ---p 00008000 fc:01 1310911                    /lib/x86_64-linux-gnu/libnss_compat-2.23.so
7fcc61a8f000-7fcc61a90000 r--p 00007000 fc:01 1310911                    /lib/x86_64-linux-gnu/libnss_compat-2.23.so
7fcc61a90000-7fcc61a91000 rw-p 00008000 fc:01 1310911                    /lib/x86_64-linux-gnu/libnss_compat-2.23.so
7fcc61a91000-7fcc61abc000 r-xp 00000000 fc:01 2509880                    /usr/lib/jvm/java-8-oracle/jre/lib/amd64/libjava.so
7fcc61abc000-7fcc61cbb000 ---p 0002b000 fc:01 2509880                    /usr/lib/jvm/java-8-oracle/jre/lib/amd64/libjava.so
7fcc61cbb000-7fcc61cbd000 rw-p 0002a000 fc:01 2509880                    /usr/lib/jvm/java-8-oracle/jre/lib/amd64/libjava.so
7fcc61cbd000-7fcc61cca000 r-xp 00000000 fc:01 2509833                    /usr/lib/jvm/java-8-oracle/jre/lib/amd64/libverify.so
7fcc61cca000-7fcc61ec9000 ---p 0000d000 fc:01 2509833                    /usr/lib/jvm/java-8-oracle/jre/lib/amd64/libverify.so
7fcc61ec9000-7fcc61ecb000 rw-p 0000c000 fc:01 2509833                    /usr/lib/jvm/java-8-oracle/jre/lib/amd64/libverify.so
7fcc61ecb000-7fcc61ed2000 r-xp 00000000 fc:01 1310898                    /lib/x86_64-linux-gnu/librt-2.23.so
7fcc61ed2000-7fcc620d1000 ---p 00007000 fc:01 1310898                    /lib/x86_64-linux-gnu/librt-2.23.so
7fcc620d1000-7fcc620d2000 r--p 00006000 fc:01 1310898                    /lib/x86_64-linux-gnu/librt-2.23.so
7fcc620d2000-7fcc620d3000 rw-p 00007000 fc:01 1310898                    /lib/x86_64-linux-gnu/librt-2.23.so
7fcc620d3000-7fcc621db000 r-xp 00000000 fc:01 1310908                    /lib/x86_64-linux-gnu/libm-2.23.so
7fcc621db000-7fcc623da000 ---p 00108000 fc:01 1310908                    /lib/x86_64-linux-gnu/libm-2.23.so
7fcc623da000-7fcc623db000 r--p 00107000 fc:01 1310908                    /lib/x86_64-linux-gnu/libm-2.23.so
7fcc623db000-7fcc623dc000 rw-p 00108000 fc:01 1310908                    /lib/x86_64-linux-gnu/libm-2.23.so
7fcc623dc000-7fcc630aa000 r-xp 00000000 fc:01 2509824                    /usr/lib/jvm/java-8-oracle/jre/lib/amd64/server/libjvm.so
7fcc630aa000-7fcc632aa000 ---p 00cce000 fc:01 2509824                    /usr/lib/jvm/java-8-oracle/jre/lib/amd64/server/libjvm.so
7fcc632aa000-7fcc63383000 rw-p 00cce000 fc:01 2509824                    /usr/lib/jvm/java-8-oracle/jre/lib/amd64/server/libjvm.so
7fcc63383000-7fcc633ce000 rw-p 00000000 00:00 0 
7fcc633ce000-7fcc6358d000 r-xp 00000000 fc:01 1310903                    /lib/x86_64-linux-gnu/libc-2.23.so
7fcc6358d000-7fcc6378d000 ---p 001bf000 fc:01 1310903                    /lib/x86_64-linux-gnu/libc-2.23.so
7fcc6378d000-7fcc63791000 r--p 001bf000 fc:01 1310903                    /lib/x86_64-linux-gnu/libc-2.23.so
7fcc63791000-7fcc63793000 rw-p 001c3000 fc:01 1310903                    /lib/x86_64-linux-gnu/libc-2.23.so
7fcc63793000-7fcc63797000 rw-p 00000000 00:00 0 
7fcc63797000-7fcc6379a000 r-xp 00000000 fc:01 1310902                    /lib/x86_64-linux-gnu/libdl-2.23.so
7fcc6379a000-7fcc63999000 ---p 00003000 fc:01 1310902                    /lib/x86_64-linux-gnu/libdl-2.23.so
7fcc63999000-7fcc6399a000 r--p 00002000 fc:01 1310902                    /lib/x86_64-linux-gnu/libdl-2.23.so
7fcc6399a000-7fcc6399b000 rw-p 00003000 fc:01 1310902                    /lib/x86_64-linux-gnu/libdl-2.23.so
7fcc6399b000-7fcc639b0000 r-xp 00000000 fc:01 2509821                    /usr/lib/jvm/java-8-oracle/jre/lib/amd64/jli/libjli.so
7fcc639b0000-7fcc63bb0000 ---p 00015000 fc:01 2509821                    /usr/lib/jvm/java-8-oracle/jre/lib/amd64/jli/libjli.so
7fcc63bb0000-7fcc63bb1000 rw-p 00015000 fc:01 2509821                    /usr/lib/jvm/java-8-oracle/jre/lib/amd64/jli/libjli.so
7fcc63bb1000-7fcc63bc9000 r-xp 00000000 fc:01 1310909                    /lib/x86_64-linux-gnu/libpthread-2.23.so
7fcc63bc9000-7fcc63dc8000 ---p 00018000 fc:01 1310909                    /lib/x86_64-linux-gnu/libpthread-2.23.so
7fcc63dc8000-7fcc63dc9000 r--p 00017000 fc:01 1310909                    /lib/x86_64-linux-gnu/libpthread-2.23.so
7fcc63dc9000-7fcc63dca000 rw-p 00018000 fc:01 1310909                    /lib/x86_64-linux-gnu/libpthread-2.23.so
7fcc63dca000-7fcc63dce000 rw-p 00000000 00:00 0 
7fcc63dce000-7fcc63df4000 r-xp 00000000 fc:01 1310892                    /lib/x86_64-linux-gnu/ld-2.23.so
7fcc63ecd000-7fcc63ed0000 ---p 00000000 00:00 0 
7fcc63ed0000-7fcc63fd2000 rw-p 00000000 00:00 0 
7fcc63fe7000-7fcc63fef000 rw-s 00000000 fc:01 4748220                    /tmp/hsperfdata_kaique/31549
7fcc63fef000-7fcc63ff0000 rw-p 00000000 00:00 0 
7fcc63ff0000-7fcc63ff1000 r--p 00000000 00:00 0 
7fcc63ff1000-7fcc63ff3000 rw-p 00000000 00:00 0 
7fcc63ff3000-7fcc63ff4000 r--p 00025000 fc:01 1310892                    /lib/x86_64-linux-gnu/ld-2.23.so
7fcc63ff4000-7fcc63ff5000 rw-p 00026000 fc:01 1310892                    /lib/x86_64-linux-gnu/ld-2.23.so
7fcc63ff5000-7fcc63ff6000 rw-p 00000000 00:00 0 
7ffce9f36000-7ffce9f57000 rw-p 00000000 00:00 0                          [stack]
7ffce9fea000-7ffce9fec000 r--p 00000000 00:00 0                          [vvar]
7ffce9fec000-7ffce9fee000 r-xp 00000000 00:00 0                          [vdso]
ffffffffff600000-ffffffffff601000 r-xp 00000000 00:00 0                  [vsyscall]

VM Arguments:
jvm_args: -Xms1024m -Xmx1024m -XX:ReservedCodeCacheSize=128m -XX:MaxMetaspaceSize=256m 
java_command: /home/kaique/war/sbt-launcher-packaging-0.13.13/bin/sbt-launch.jar compile test
java_class_path (initial): /home/kaique/war/sbt-launcher-packaging-0.13.13/bin/sbt-launch.jar
Launcher Type: SUN_STANDARD

Environment Variables:
JAVA_HOME=/usr/lib/jvm/java-8-oracle
PATH=/home/kaique/war/vim/src:/home/kaique/war/tools:/home/kaique/war/sbt-launcher-packaging-0.13.13/bin:/home/kaique/war/mahout/bin:/home/kaique/anaconda2/bin:/home/kaique/bin:/home/kaique/.local/bin:/usr/local/sbin:/usr/local/bin:/usr/sbin:/usr/bin:/sbin:/bin:/usr/games:/usr/local/games:/snap/bin:/usr/lib/jvm/java-8-oracle/bin:/usr/lib/jvm/java-8-oracle/db/bin:/usr/lib/jvm/java-8-oracle/jre/bin
SHELL=/bin/bash
DISPLAY=:0.0

Signal Handlers:
SIGSEGV: [libjvm.so+0xac78c0], sa_mask[0]=11111111011111111101111111111110, sa_flags=SA_RESTART|SA_SIGINFO
SIGBUS: [libjvm.so+0xac78c0], sa_mask[0]=11111111011111111101111111111110, sa_flags=SA_RESTART|SA_SIGINFO
SIGFPE: [libjvm.so+0x920ac0], sa_mask[0]=11111111011111111101111111111110, sa_flags=SA_RESTART|SA_SIGINFO
SIGPIPE: [libjvm.so+0x920ac0], sa_mask[0]=11111111011111111101111111111110, sa_flags=SA_RESTART|SA_SIGINFO
SIGXFSZ: [libjvm.so+0x920ac0], sa_mask[0]=11111111011111111101111111111110, sa_flags=SA_RESTART|SA_SIGINFO
SIGILL: [libjvm.so+0x920ac0], sa_mask[0]=11111111011111111101111111111110, sa_flags=SA_RESTART|SA_SIGINFO
SIGUSR1: SIG_DFL, sa_mask[0]=00000000000000000000000000000000, sa_flags=none
SIGUSR2: [libjvm.so+0x922300], sa_mask[0]=00000000000000000000000000000000, sa_flags=SA_RESTART|SA_SIGINFO
SIGHUP: SIG_DFL, sa_mask[0]=00000000000000000000000000000000, sa_flags=none
SIGINT: SIG_DFL, sa_mask[0]=00000000000000000000000000000000, sa_flags=none
SIGTERM: SIG_DFL, sa_mask[0]=00000000000000000000000000000000, sa_flags=none
SIGQUIT: SIG_DFL, sa_mask[0]=00000000000000000000000000000000, sa_flags=none


---------------  S Y S T E M  ---------------

OS:DISTRIB_ID=Ubuntu
DISTRIB_RELEASE=16.04
DISTRIB_CODENAME=xenial
DISTRIB_DESCRIPTION="Ubuntu 16.04.2 LTS"

uname:Linux 4.4.0-66-generic #87-Ubuntu SMP Fri Mar 3 15:29:05 UTC 2017 x86_64
libc:glibc 2.23 NPTL 2.23 
rlimit: STACK 8192k, CORE 0k, NPROC 30495, NOFILE 65536, AS infinity
load average:7.14 16.19 12.87

/proc/meminfo:
MemTotal:        8057544 kB
MemFree:          125908 kB
MemAvailable:      29308 kB
Buffers:            3108 kB
Cached:            40688 kB
SwapCached:        12896 kB
Active:          6415768 kB
Inactive:        1317832 kB
Active(anon):    6396520 kB
Inactive(anon):  1295848 kB
Active(file):      19248 kB
Inactive(file):    21984 kB
Unevictable:          32 kB
Mlocked:              32 kB
SwapTotal:       8273404 kB
SwapFree:              0 kB
Dirty:                52 kB
Writeback:             0 kB
AnonPages:       7678280 kB
Mapped:            24484 kB
Shmem:              1636 kB
Slab:              80656 kB
SReclaimable:      37472 kB
SUnreclaim:        43184 kB
KernelStack:        7712 kB
PageTables:        50800 kB
NFS_Unstable:          0 kB
Bounce:                0 kB
WritebackTmp:          0 kB
CommitLimit:    12302176 kB
Committed_AS:   18598796 kB
VmallocTotal:   34359738367 kB
VmallocUsed:           0 kB
VmallocChunk:          0 kB
HardwareCorrupted:     0 kB
AnonHugePages:    165888 kB
CmaTotal:              0 kB
CmaFree:               0 kB
HugePages_Total:       0
HugePages_Free:        0
HugePages_Rsvd:        0
HugePages_Surp:        0
Hugepagesize:       2048 kB
DirectMap4k:      124136 kB
DirectMap2M:     3952640 kB
DirectMap1G:     4194304 kB


CPU:total 4 (2 cores per cpu, 2 threads per core) family 6 model 60 stepping 3, cmov, cx8, fxsr, mmx, sse, sse2, sse3, ssse3, sse4.1, sse4.2, popcnt, avx, avx2, aes, clmul, erms, lzcnt, ht, tsc, tscinvbit, bmi1, bmi2

/proc/cpuinfo:
processor	: 0
vendor_id	: GenuineIntel
cpu family	: 6
model		: 60
model name	: Intel(R) Core(TM) i3-4160 CPU @ 3.60GHz
stepping	: 3
microcode	: 0x9
cpu MHz		: 3599.859
cache size	: 3072 KB
physical id	: 0
siblings	: 4
core id		: 0
cpu cores	: 2
apicid		: 0
initial apicid	: 0
fpu		: yes
fpu_exception	: yes
cpuid level	: 13
wp		: yes
flags		: fpu vme de pse tsc msr pae mce cx8 apic sep mtrr pge mca cmov pat pse36 clflush dts acpi mmx fxsr sse sse2 ss ht tm pbe syscall nx pdpe1gb rdtscp lm constant_tsc arch_perfmon pebs bts rep_good nopl xtopology nonstop_tsc aperfmperf eagerfpu pni pclmulqdq dtes64 monitor ds_cpl vmx est tm2 ssse3 sdbg fma cx16 xtpr pdcm pcid sse4_1 sse4_2 movbe popcnt tsc_deadline_timer aes xsave avx f16c rdrand lahf_lm abm tpr_shadow vnmi flexpriority ept vpid fsgsbase tsc_adjust bmi1 avx2 smep bmi2 erms invpcid xsaveopt dtherm arat pln pts
bugs		:
bogomips	: 7199.68
clflush size	: 64
cache_alignment	: 64
address sizes	: 39 bits physical, 48 bits virtual
power management:

processor	: 1
vendor_id	: GenuineIntel
cpu family	: 6
model		: 60
model name	: Intel(R) Core(TM) i3-4160 CPU @ 3.60GHz
stepping	: 3
microcode	: 0x9
cpu MHz		: 3599.859
cache size	: 3072 KB
physical id	: 0
siblings	: 4
core id		: 1
cpu cores	: 2
apicid		: 2
initial apicid	: 2
fpu		: yes
fpu_exception	: yes
cpuid level	: 13
wp		: yes
flags		: fpu vme de pse tsc msr pae mce cx8 apic sep mtrr pge mca cmov pat pse36 clflush dts acpi mmx fxsr sse sse2 ss ht tm pbe syscall nx pdpe1gb rdtscp lm constant_tsc arch_perfmon pebs bts rep_good nopl xtopology nonstop_tsc aperfmperf eagerfpu pni pclmulqdq dtes64 monitor ds_cpl vmx est tm2 ssse3 sdbg fma cx16 xtpr pdcm pcid sse4_1 sse4_2 movbe popcnt tsc_deadline_timer aes xsave avx f16c rdrand lahf_lm abm tpr_shadow vnmi flexpriority ept vpid fsgsbase tsc_adjust bmi1 avx2 smep bmi2 erms invpcid xsaveopt dtherm arat pln pts
bugs		:
bogomips	: 7199.68
clflush size	: 64
cache_alignment	: 64
address sizes	: 39 bits physical, 48 bits virtual
power management:

processor	: 2
vendor_id	: GenuineIntel
cpu family	: 6
model		: 60
model name	: Intel(R) Core(TM) i3-4160 CPU @ 3.60GHz
stepping	: 3
microcode	: 0x9
cpu MHz		: 3600.000
cache size	: 3072 KB
physical id	: 0
siblings	: 4
core id		: 0
cpu cores	: 2
apicid		: 1
initial apicid	: 1
fpu		: yes
fpu_exception	: yes
cpuid level	: 13
wp		: yes
flags		: fpu vme de pse tsc msr pae mce cx8 apic sep mtrr pge mca cmov pat pse36 clflush dts acpi mmx fxsr sse sse2 ss ht tm pbe syscall nx pdpe1gb rdtscp lm constant_tsc arch_perfmon pebs bts rep_good nopl xtopology nonstop_tsc aperfmperf eagerfpu pni pclmulqdq dtes64 monitor ds_cpl vmx est tm2 ssse3 sdbg fma cx16 xtpr pdcm pcid sse4_1 sse4_2 movbe popcnt tsc_deadline_timer aes xsave avx f16c rdrand lahf_lm abm tpr_shadow vnmi flexpriority ept vpid fsgsbase tsc_adjust bmi1 avx2 smep bmi2 erms invpcid xsaveopt dtherm arat pln pts
bugs		:
bogomips	: 7199.68
clflush size	: 64
cache_alignment	: 64
address sizes	: 39 bits physical, 48 bits virtual
power management:

processor	: 3
vendor_id	: GenuineIntel
cpu family	: 6
model		: 60
model name	: Intel(R) Core(TM) i3-4160 CPU @ 3.60GHz
stepping	: 3
microcode	: 0x9
cpu MHz		: 3600.000
cache size	: 3072 KB
physical id	: 0
siblings	: 4
core id		: 1
cpu cores	: 2
apicid		: 3
initial apicid	: 3
fpu		: yes
fpu_exception	: yes
cpuid level	: 13
wp		: yes
flags		: fpu vme de pse tsc msr pae mce cx8 apic sep mtrr pge mca cmov pat pse36 clflush dts acpi mmx fxsr sse sse2 ss ht tm pbe syscall nx pdpe1gb rdtscp lm constant_tsc arch_perfmon pebs bts rep_good nopl xtopology nonstop_tsc aperfmperf eagerfpu pni pclmulqdq dtes64 monitor ds_cpl vmx est tm2 ssse3 sdbg fma cx16 xtpr pdcm pcid sse4_1 sse4_2 movbe popcnt tsc_deadline_timer aes xsave avx f16c rdrand lahf_lm abm tpr_shadow vnmi flexpriority ept vpid fsgsbase tsc_adjust bmi1 avx2 smep bmi2 erms invpcid xsaveopt dtherm arat pln pts
bugs		:
bogomips	: 7199.68
clflush size	: 64
cache_alignment	: 64
address sizes	: 39 bits physical, 48 bits virtual
power management:



Memory: 4k page, physical 8057544k(125908k free), swap 8273404k(0k free)

vm_info: Java HotSpot(TM) 64-Bit Server VM (25.121-b13) for linux-amd64 JRE (1.8.0_121-b13), built on Dec 12 2016 16:36:53 by "java_re" with gcc 4.3.0 20080428 (Red Hat 4.3.0-8)

time: Fri Apr  7 20:54:02 2017
elapsed time: 0 seconds (0d 0h 0m 0s)

